<?xml version="1.0" encoding="UTF-8"?>
<!-- Generated by org.testng.reporters.JUnitReportReporter -->
<testsuite skipped="0" hostname="LAPTOP-N32KQ27K" name="com.Vmetry.NTLTaxi.Utils.ReportGenerator" tests="1" failures="0" timestamp="4 Dec 2016 10:50:07 GMT" time="0.141" errors="0">
  <testcase name="archieveFiles" time="0.141" classname="com.Vmetry.NTLTaxi.Utils.ReportGenerator"/>
</testsuite> <!-- com.Vmetry.NTLTaxi.Utils.ReportGenerator -->
